<?xml version="1.0" encoding="UTF-8" ?>
<testsuite tests="19" failures="0" name="TestSuite" time="39.134" errors="0" skipped="0">
  <properties>
    <property name="java.runtime.name" value="Java(TM) SE Runtime Environment"/>
    <property name="java.vm.version" value="11.0.13+10-LTS-370"/>
    <property name="sun.boot.library.path" value="C:\Program Files\Java\jdk-11.0.13\bin"/>
    <property name="maven.multiModuleProjectDirectory" value="C:\Users\hites\eclipse-workspace\hybridframework"/>
    <property name="java.vm.vendor" value="Oracle Corporation"/>
    <property name="java.vendor.url" value="https://openjdk.java.net/"/>
    <property name="guice.disable.misplaced.annotation.check" value="true"/>
    <property name="path.separator" value=";"/>
    <property name="java.vm.name" value="Java HotSpot(TM) 64-Bit Server VM"/>
    <property name="sun.os.patch.level" value=""/>
    <property name="env" value="stage"/>
    <property name="user.script" value=""/>
    <property name="user.country" value="US"/>
    <property name="sun.java.launcher" value="SUN_STANDARD"/>
    <property name="java.vm.specification.name" value="Java Virtual Machine Specification"/>
    <property name="user.dir" value="C:\Users\hites\eclipse-workspace\hybridframework"/>
    <property name="java.vm.compressedOopsMode" value="32-bit"/>
    <property name="java.runtime.version" value="11.0.13+10-LTS-370"/>
    <property name="java.awt.graphicsenv" value="sun.awt.Win32GraphicsEnvironment"/>
    <property name="os.arch" value="amd64"/>
    <property name="java.io.tmpdir" value="C:\Users\hites\AppData\Local\Temp\"/>
    <property name="line.separator" value="
"/>
    <property name="java.vm.specification.vendor" value="Oracle Corporation"/>
    <property name="user.variant" value=""/>
    <property name="os.name" value="Windows 10"/>
    <property name="classworlds.conf" value="C:\Users\hites\maven\apache-maven-3.8.4-bin\apache-maven-3.8.4\bin\m2.conf"/>
    <property name="sun.jnu.encoding" value="Cp1252"/>
    <property name="java.library.path" value="C:\Program Files\Java\jdk-11.0.13\bin;C:\WINDOWS\Sun\Java\bin;C:\WINDOWS\system32;C:\WINDOWS;C:\Program Files\Common Files\Oracle\Java\javapath;C:\Program Files (x86)\Common Files\Oracle\Java\javapath;C:\ProgramData\Oracle\Java\javapath;C:\WINDOWS\system32;C:\WINDOWS;C:\WINDOWS\System32\Wbem;C:\WINDOWS\System32\WindowsPowerShell\v1.0\;C:\Program Files\Java\jdk-11.0.13\bin;C:\WINDOWS\System32\OpenSSH\;C:\Users\hites\maven\apache-maven-3.8.4-bin\apache-maven-3.8.4\bin;C:\Users\hites\Desktop\Selenium;C:\Program Files\PuTTY\;C:\Program Files\Git\cmd;C:\ProgramData\chocolatey\bin;C:\HashiCorp\Vagrant\bin;C:\Users\hites\AppData\Local\Microsoft\WindowsApps;C:\Program Files (x86)\GitHub CLI\;."/>
    <property name="maven.conf" value="C:\Users\hites\maven\apache-maven-3.8.4-bin\apache-maven-3.8.4/conf"/>
    <property name="jdk.debug" value="release"/>
    <property name="java.class.version" value="55.0"/>
    <property name="java.specification.name" value="Java Platform API Specification"/>
    <property name="sun.management.compiler" value="HotSpot 64-Bit Tiered Compilers"/>
    <property name="os.version" value="10.0"/>
    <property name="library.jansi.path" value="C:\Users\hites\maven\apache-maven-3.8.4-bin\apache-maven-3.8.4\lib\jansi-native"/>
    <property name="user.home" value="C:\Users\hites"/>
    <property name="user.timezone" value="America/New_York"/>
    <property name="java.awt.printerjob" value="sun.awt.windows.WPrinterJob"/>
    <property name="file.encoding" value="Cp1252"/>
    <property name="java.specification.version" value="11"/>
    <property name="user.name" value="hites"/>
    <property name="java.class.path" value="C:\Users\hites\maven\apache-maven-3.8.4-bin\apache-maven-3.8.4\boot\plexus-classworlds-2.6.0.jar"/>
    <property name="java.vm.specification.version" value="11"/>
    <property name="sun.arch.data.model" value="64"/>
    <property name="sun.java.command" value="org.codehaus.plexus.classworlds.launcher.Launcher clean install -Denv=stage"/>
    <property name="java.home" value="C:\Program Files\Java\jdk-11.0.13"/>
    <property name="user.language" value="en"/>
    <property name="java.specification.vendor" value="Oracle Corporation"/>
    <property name="awt.toolkit" value="sun.awt.windows.WToolkit"/>
    <property name="java.vm.info" value="mixed mode"/>
    <property name="java.version" value="11.0.13"/>
    <property name="java.vendor" value="Oracle Corporation"/>
    <property name="sun.stderr.encoding" value="cp437"/>
    <property name="maven.home" value="C:\Users\hites\maven\apache-maven-3.8.4-bin\apache-maven-3.8.4"/>
    <property name="file.separator" value="\"/>
    <property name="java.version.date" value="2021-10-19"/>
    <property name="java.vendor.url.bug" value="https://bugreport.java.com/bugreport/"/>
    <property name="sun.io.unicode.encoding" value="UnicodeLittle"/>
    <property name="sun.cpu.endian" value="little"/>
    <property name="java.vendor.version" value="18.9"/>
    <property name="sun.stdout.encoding" value="cp437"/>
    <property name="sun.desktop" value="windows"/>
    <property name="sun.cpu.isalist" value="amd64"/>
  </properties>
  <testcase classname="com.qa.swaglabs.tests.CartPageTest" name="verifyCartPageHeader" time="0.978"/>
  <testcase classname="com.qa.swaglabs.tests.CartPageTest" name="verifyCartPageTitle" time="0.005"/>
  <testcase classname="com.qa.swaglabs.tests.CartPageTest" name="verifyCheckoutButtonIsDisplayed" time="1.006"/>
  <testcase classname="com.qa.swaglabs.tests.InventoryPageTest" name="verifyInventoryPageHeaderLogoTest" time="1.017"/>
  <testcase classname="com.qa.swaglabs.tests.InventoryPageTest" name="verifyInventoryPageTitleTest" time="0.989"/>
  <testcase classname="com.qa.swaglabs.tests.InventoryPageTest" name="verifyShoppingCartContainerTest" time="0.988"/>
  <testcase classname="com.qa.swaglabs.tests.InventoryPageTest" name="verifyAddProductToCart" time="1.972"/>
  <testcase classname="com.qa.swaglabs.tests.LoginPageTest" name="verifyLoginPageTitleTest" time="0.004"/>
  <testcase classname="com.qa.swaglabs.tests.LoginPageTest" name="verifyLoginPageHeaderLogoTest" time="0.994"/>
  <testcase classname="com.qa.swaglabs.tests.LoginPageTest" name="verifyLoginPageBotLogoTest" time="0.985"/>
  <testcase classname="com.qa.swaglabs.tests.LoginPageTest" name="invalidLoginTest" time="4.114"/>
  <testcase classname="com.qa.swaglabs.tests.LoginPageTest" name="invalidLoginTest" time="4.01"/>
  <testcase classname="com.qa.swaglabs.tests.LoginPageTest" name="invalidLoginTest" time="3.976"/>
  <testcase classname="com.qa.swaglabs.tests.LoginPageTest" name="invalidLoginTest" time="3.991"/>
  <testcase classname="com.qa.swaglabs.tests.LoginPageTest" name="invalidLoginTest" time="3.973"/>
  <testcase classname="com.qa.swaglabs.tests.LoginPageTest" name="allAcceptedUserTest" time="4.018"/>
  <testcase classname="com.qa.swaglabs.tests.LoginPageTest" name="allAcceptedUserTest" time="4.072"/>
  <testcase classname="com.qa.swaglabs.tests.LoginPageTest" name="allAcceptedUserTest" time="1.029"/>
  <testcase classname="com.qa.swaglabs.tests.LoginPageTest" name="loginTest" time="1.013"/>
</testsuite>