<?xml version="1.0" encoding="UTF-8"?>
<!-- Generated by org.testng.reporters.JUnitReportReporter -->
<testsuite hostname="DESKTOP-45P36GI" failures="0" tests="3" name="com.qa.swaglabs.tests.CartPageTest" time="0.102" errors="0" timestamp="2022-01-16T22:58:29 EST" skipped="0">
  <testcase classname="com.qa.swaglabs.tests.CartPageTest" name="verifyCartPageTitle" time="0.009"/>
  <system-out/>
  <testcase classname="com.qa.swaglabs.tests.CartPageTest" name="verifyCartPageHeader" time="0.036"/>
  <system-out/>
  <testcase classname="com.qa.swaglabs.tests.CartPageTest" name="verifyCheckoutButtonIsDisplayed" time="0.057"/>
  <system-out/>
</testsuite> <!-- com.qa.swaglabs.tests.CartPageTest -->
