<?xml version="1.0" encoding="UTF-8"?>
<!-- Generated by org.testng.reporters.JUnitReportReporter -->
<testsuite hostname="DESKTOP-45P36GI" failures="0" tests="3" name="com.qa.swaglabs.tests.CartPageTest" time="0.094" errors="0" timestamp="2022-01-13T22:08:01 EST" skipped="0">
  <testcase classname="com.qa.swaglabs.tests.CartPageTest" name="verifyCheckoutButtonIsDisplayed" time="0.041"/>
  <system-out/>
  <testcase classname="com.qa.swaglabs.tests.CartPageTest" name="verifyCartPageHeader" time="0.046"/>
  <system-out/>
  <testcase classname="com.qa.swaglabs.tests.CartPageTest" name="verifyCartPageTitle" time="0.007"/>
  <system-out/>
</testsuite> <!-- com.qa.swaglabs.tests.CartPageTest -->
