<?xml version="1.0" encoding="UTF-8"?>
<!-- Generated by org.testng.reporters.JUnitReportReporter -->
<testsuite hostname="DESKTOP-45P36GI" failures="0" tests="12" name="com.qa.swaglabs.tests.LoginPageTest" time="2.250" errors="0" timestamp="2022-01-15T21:27:43 EST" skipped="0">
  <testcase classname="com.qa.swaglabs.tests.LoginPageTest" name="verifyLoginPageTitleTest" time="0.018"/>
  <system-out/>
  <testcase classname="com.qa.swaglabs.tests.LoginPageTest" name="verifyLoginPageHeaderLogoTest" time="0.070"/>
  <system-out/>
  <testcase classname="com.qa.swaglabs.tests.LoginPageTest" name="verifyLoginPageBotLogoTest" time="0.055"/>
  <system-out/>
  <testcase classname="com.qa.swaglabs.tests.LoginPageTest" name="invalidLoginTest" time="0.253"/>
  <system-out/>
  <testcase classname="com.qa.swaglabs.tests.LoginPageTest" name="invalidLoginTest" time="0.235"/>
  <system-out/>
  <testcase classname="com.qa.swaglabs.tests.LoginPageTest" name="invalidLoginTest" time="0.236"/>
  <system-out/>
  <testcase classname="com.qa.swaglabs.tests.LoginPageTest" name="invalidLoginTest" time="0.353"/>
  <system-out/>
  <testcase classname="com.qa.swaglabs.tests.LoginPageTest" name="invalidLoginTest" time="0.238"/>
  <system-out/>
  <testcase classname="com.qa.swaglabs.tests.LoginPageTest" name="allAcceptedUserTest" time="0.268"/>
  <system-out/>
  <testcase classname="com.qa.swaglabs.tests.LoginPageTest" name="allAcceptedUserTest" time="0.326"/>
  <system-out/>
  <testcase classname="com.qa.swaglabs.tests.LoginPageTest" name="allAcceptedUserTest" time="0.106"/>
  <system-out/>
  <testcase classname="com.qa.swaglabs.tests.LoginPageTest" name="loginTest" time="0.092"/>
  <system-out/>
</testsuite> <!-- com.qa.swaglabs.tests.LoginPageTest -->
