<?xml version="1.0" encoding="UTF-8"?>
<!-- Generated by org.testng.reporters.JUnitReportReporter -->
<testsuite hostname="DESKTOP-45P36GI" failures="0" tests="4" name="com.qa.swaglabs.tests.CheckoutStepOnePageTest" time="1.038" errors="0" timestamp="2022-01-16T22:58:29 EST" skipped="0">
  <testcase classname="com.qa.swaglabs.tests.CheckoutStepOnePageTest" name="enterCheckoutInformation" time="0.323"/>
  <system-out/>
  <testcase classname="com.qa.swaglabs.tests.CheckoutStepOnePageTest" name="enterCheckoutInformation" time="0.306"/>
  <system-out/>
  <testcase classname="com.qa.swaglabs.tests.CheckoutStepOnePageTest" name="enterCheckoutInformation" time="0.368"/>
  <system-out/>
  <testcase classname="com.qa.swaglabs.tests.CheckoutStepOnePageTest" name="verifyCheckoutStepOneHeader" time="0.041"/>
  <system-out/>
</testsuite> <!-- com.qa.swaglabs.tests.CheckoutStepOnePageTest -->
