<?xml version="1.0" encoding="UTF-8"?>
<!-- Generated by org.testng.reporters.JUnitReportReporter -->
<testsuite hostname="DESKTOP-45P36GI" failures="0" tests="4" name="com.qa.swaglabs.tests.InventoryPageTest" time="0.250" errors="0" timestamp="2022-01-13T22:08:01 EST" skipped="0">
  <testcase classname="com.qa.swaglabs.tests.InventoryPageTest" name="verifyInventoryPageHeaderLogoTest" time="0.062"/>
  <system-out/>
  <testcase classname="com.qa.swaglabs.tests.InventoryPageTest" name="verifyInventoryPageTitleTest" time="0.036"/>
  <system-out/>
  <testcase classname="com.qa.swaglabs.tests.InventoryPageTest" name="verifyShoppingCartContainerTest" time="0.032"/>
  <system-out/>
  <testcase classname="com.qa.swaglabs.tests.InventoryPageTest" name="verifyAddProductToCart" time="0.120"/>
  <system-out/>
</testsuite> <!-- com.qa.swaglabs.tests.InventoryPageTest -->
