<?xml version="1.0" encoding="UTF-8"?>
<!-- Generated by org.testng.reporters.JUnitReportReporter -->
<testsuite hostname="DESKTOP-45P36GI" failures="0" tests="12" name="com.qa.swaglabs.tests.LoginPageTest" time="2.800" errors="0" timestamp="2022-01-16T22:58:29 EST" skipped="0">
  <testcase classname="com.qa.swaglabs.tests.LoginPageTest" name="verifyLoginPageTitleTest" time="0.180"/>
  <system-out/>
  <testcase classname="com.qa.swaglabs.tests.LoginPageTest" name="verifyLoginPageHeaderLogoTest" time="0.114"/>
  <system-out/>
  <testcase classname="com.qa.swaglabs.tests.LoginPageTest" name="verifyLoginPageBotLogoTest" time="0.054"/>
  <system-out/>
  <testcase classname="com.qa.swaglabs.tests.LoginPageTest" name="invalidLoginTest" time="0.393"/>
  <system-out/>
  <testcase classname="com.qa.swaglabs.tests.LoginPageTest" name="invalidLoginTest" time="0.298"/>
  <system-out/>
  <testcase classname="com.qa.swaglabs.tests.LoginPageTest" name="invalidLoginTest" time="0.273"/>
  <system-out/>
  <testcase classname="com.qa.swaglabs.tests.LoginPageTest" name="invalidLoginTest" time="0.289"/>
  <system-out/>
  <testcase classname="com.qa.swaglabs.tests.LoginPageTest" name="invalidLoginTest" time="0.257"/>
  <system-out/>
  <testcase classname="com.qa.swaglabs.tests.LoginPageTest" name="allAcceptedUserTest" time="0.407"/>
  <system-out/>
  <testcase classname="com.qa.swaglabs.tests.LoginPageTest" name="allAcceptedUserTest" time="0.345"/>
  <system-out/>
  <testcase classname="com.qa.swaglabs.tests.LoginPageTest" name="allAcceptedUserTest" time="0.104"/>
  <system-out/>
  <testcase classname="com.qa.swaglabs.tests.LoginPageTest" name="loginTest" time="0.086"/>
  <system-out/>
</testsuite> <!-- com.qa.swaglabs.tests.LoginPageTest -->
