<?xml version="1.0" encoding="UTF-8"?>
<!-- Generated by org.testng.reporters.JUnitReportReporter -->
<testsuite hostname="DESKTOP-45P36GI" failures="0" tests="4" name="com.qa.swaglabs.tests.LoginPageTest" time="0.952" errors="0" timestamp="2022-01-13T22:08:01 EST" skipped="0">
  <testcase classname="com.qa.swaglabs.tests.LoginPageTest" name="verifyLoginPageTitleTest" time="0.023"/>
  <system-out/>
  <testcase classname="com.qa.swaglabs.tests.LoginPageTest" name="verifyLoginPageHeaderLogoTest" time="0.078"/>
  <system-out/>
  <testcase classname="com.qa.swaglabs.tests.LoginPageTest" name="verifyLoginPageBotLogoTest" time="0.075"/>
  <system-out/>
  <testcase classname="com.qa.swaglabs.tests.LoginPageTest" name="loginTest" time="0.776"/>
  <system-out/>
</testsuite> <!-- com.qa.swaglabs.tests.LoginPageTest -->
