<?xml version="1.0" encoding="UTF-8"?>
<!-- Generated by org.testng.reporters.JUnitReportReporter -->
<testsuite hostname="DESKTOP-45P36GI" failures="0" tests="4" name="com.qa.swaglabs.tests.InventoryPageTest" time="4.965" errors="0" timestamp="2022-01-15T21:10:07 EST" skipped="0">
  <testcase classname="com.qa.swaglabs.tests.InventoryPageTest" name="verifyInventoryPageHeaderLogoTest" time="1.017"/>
  <system-out/>
  <testcase classname="com.qa.swaglabs.tests.InventoryPageTest" name="verifyInventoryPageTitleTest" time="0.988"/>
  <system-out/>
  <testcase classname="com.qa.swaglabs.tests.InventoryPageTest" name="verifyShoppingCartContainerTest" time="0.988"/>
  <system-out/>
  <testcase classname="com.qa.swaglabs.tests.InventoryPageTest" name="verifyAddProductToCart" time="1.972"/>
  <system-out/>
</testsuite> <!-- com.qa.swaglabs.tests.InventoryPageTest -->
