<?xml version="1.0" encoding="UTF-8"?>
<!-- Generated by org.testng.reporters.JUnitReportReporter -->
<testsuite hostname="DESKTOP-45P36GI" failures="0" tests="3" name="com.qa.swaglabs.tests.CartPageTest" time="1.987" errors="0" timestamp="2022-01-15T21:10:07 EST" skipped="0">
  <testcase classname="com.qa.swaglabs.tests.CartPageTest" name="verifyCartPageTitle" time="0.004"/>
  <system-out/>
  <testcase classname="com.qa.swaglabs.tests.CartPageTest" name="verifyCartPageHeader" time="0.977"/>
  <system-out/>
  <testcase classname="com.qa.swaglabs.tests.CartPageTest" name="verifyCheckoutButtonIsDisplayed" time="1.006"/>
  <system-out/>
</testsuite> <!-- com.qa.swaglabs.tests.CartPageTest -->
