<?xml version="1.0" encoding="UTF-8"?>
<!-- Generated by org.testng.reporters.JUnitReportReporter -->
<testsuite hostname="DESKTOP-45P36GI" failures="0" tests="12" name="com.qa.swaglabs.tests.LoginPageTest" time="32.177" errors="0" timestamp="2022-01-15T21:10:07 EST" skipped="0">
  <testcase classname="com.qa.swaglabs.tests.LoginPageTest" name="verifyLoginPageTitleTest" time="0.005"/>
  <system-out/>
  <testcase classname="com.qa.swaglabs.tests.LoginPageTest" name="verifyLoginPageHeaderLogoTest" time="0.994"/>
  <system-out/>
  <testcase classname="com.qa.swaglabs.tests.LoginPageTest" name="verifyLoginPageBotLogoTest" time="0.985"/>
  <system-out/>
  <testcase classname="com.qa.swaglabs.tests.LoginPageTest" name="invalidLoginTest" time="4.010"/>
  <system-out/>
  <testcase classname="com.qa.swaglabs.tests.LoginPageTest" name="invalidLoginTest" time="3.976"/>
  <system-out/>
  <testcase classname="com.qa.swaglabs.tests.LoginPageTest" name="invalidLoginTest" time="3.991"/>
  <system-out/>
  <testcase classname="com.qa.swaglabs.tests.LoginPageTest" name="invalidLoginTest" time="3.973"/>
  <system-out/>
  <testcase classname="com.qa.swaglabs.tests.LoginPageTest" name="invalidLoginTest" time="4.113"/>
  <system-out/>
  <testcase classname="com.qa.swaglabs.tests.LoginPageTest" name="allAcceptedUserTest" time="1.029"/>
  <system-out/>
  <testcase classname="com.qa.swaglabs.tests.LoginPageTest" name="allAcceptedUserTest" time="4.018"/>
  <system-out/>
  <testcase classname="com.qa.swaglabs.tests.LoginPageTest" name="allAcceptedUserTest" time="4.071"/>
  <system-out/>
  <testcase classname="com.qa.swaglabs.tests.LoginPageTest" name="loginTest" time="1.012"/>
  <system-out/>
</testsuite> <!-- com.qa.swaglabs.tests.LoginPageTest -->
